2020-10-18 15:32:31.120  INFO 14612 --- [restartedMain] br.com.sgep.SgepWsApplication            : Starting SgepWsApplication on DESKTOP-1HNVO65 with PID 14612 (C:\Users\deyvison\Documents\workspace-spring\sgep-ws\target\classes started by deyvison in C:\Users\deyvison\Documents\workspace-spring\sgep-ws)
2020-10-18 15:32:31.120 DEBUG 14612 --- [restartedMain] br.com.sgep.SgepWsApplication            : Running with Spring Boot v2.3.4.RELEASE, Spring v5.2.9.RELEASE
2020-10-18 15:32:31.120  INFO 14612 --- [restartedMain] br.com.sgep.SgepWsApplication            : The following profiles are active: test
2020-10-18 15:32:31.351  INFO 14612 --- [restartedMain] .s.d.r.c.RepositoryConfigurationDelegate : Bootstrapping Spring Data JPA repositories in DEFERRED mode.
2020-10-18 15:32:31.389  INFO 14612 --- [restartedMain] .s.d.r.c.RepositoryConfigurationDelegate : Finished Spring Data repository scanning in 36ms. Found 6 JPA repository interfaces.
2020-10-18 15:32:31.508  INFO 14612 --- [restartedMain] o.s.b.w.embedded.tomcat.TomcatWebServer  : Tomcat initialized with port(s): 8090 (http)
2020-10-18 15:32:31.508  INFO 14612 --- [restartedMain] o.apache.catalina.core.StandardService   : Starting service [Tomcat]
2020-10-18 15:32:31.509  INFO 14612 --- [restartedMain] org.apache.catalina.core.StandardEngine  : Starting Servlet engine: [Apache Tomcat/9.0.38]
2020-10-18 15:32:31.535  INFO 14612 --- [restartedMain] o.a.c.c.C.[Tomcat].[localhost].[/]       : Initializing Spring embedded WebApplicationContext
2020-10-18 15:32:31.535  INFO 14612 --- [restartedMain] w.s.c.ServletWebServerApplicationContext : Root WebApplicationContext: initialization completed in 411 ms
2020-10-18 15:32:31.554  INFO 14612 --- [restartedMain] com.zaxxer.hikari.HikariDataSource       : HikariPool-2 - Starting...
2020-10-18 15:32:31.556  INFO 14612 --- [restartedMain] com.zaxxer.hikari.HikariDataSource       : HikariPool-2 - Start completed.
2020-10-18 15:32:31.556  INFO 14612 --- [restartedMain] o.s.b.a.h2.H2ConsoleAutoConfiguration    : H2 console available at '/h2-console'. Database available at 'jdbc:h2:mem:testdb'
2020-10-18 15:32:31.583  INFO 14612 --- [restartedMain] o.s.s.concurrent.ThreadPoolTaskExecutor  : Initializing ExecutorService 'applicationTaskExecutor'
2020-10-18 15:32:31.594  INFO 14612 --- [task-1] o.hibernate.jpa.internal.util.LogHelper  : HHH000204: Processing PersistenceUnitInfo [name: default]
2020-10-18 15:32:31.602  INFO 14612 --- [task-1] org.hibernate.dialect.Dialect            : HHH000400: Using dialect: org.hibernate.dialect.H2Dialect
2020-10-18 15:32:31.682  INFO 14612 --- [restartedMain] o.s.b.a.w.s.WelcomePageHandlerMapping    : Adding welcome page template: index
2020-10-18 15:32:31.731  INFO 14612 --- [task-1] o.h.e.t.j.p.i.JtaPlatformInitiator       : HHH000490: Using JtaPlatform implementation: [org.hibernate.engine.transaction.jta.platform.internal.NoJtaPlatform]
2020-10-18 15:32:31.731  INFO 14612 --- [task-1] j.LocalContainerEntityManagerFactoryBean : Initialized JPA EntityManagerFactory for persistence unit 'default'
2020-10-18 15:32:31.735  INFO 14612 --- [task-2] o.s.b.d.a.OptionalLiveReloadServer       : LiveReload server is running on port 35729
2020-10-18 15:32:31.779  INFO 14612 --- [restartedMain] o.s.b.w.embedded.tomcat.TomcatWebServer  : Tomcat started on port(s): 8090 (http) with context path ''
2020-10-18 15:32:31.780  INFO 14612 --- [restartedMain] DeferredRepositoryInitializationListener : Triggering deferred initialization of Spring Data repositories…
2020-10-18 15:32:31.912  INFO 14612 --- [restartedMain] DeferredRepositoryInitializationListener : Spring Data repositories initialized!
2020-10-18 15:32:31.915  INFO 14612 --- [restartedMain] br.com.sgep.SgepWsApplication            : Started SgepWsApplication in 0.835 seconds (JVM running for 30.676)
2020-10-18 15:32:31.931  INFO 14612 --- [restartedMain] br.com.sgep.config.TestConfig            : TESTE
2020-10-18 15:32:31.931  WARN 14612 --- [restartedMain] br.com.sgep.config.TestConfig            : TESTE
2020-10-18 15:32:31.931 ERROR 14612 --- [restartedMain] br.com.sgep.config.TestConfig            : TESTE
2020-10-18 15:32:31.931 DEBUG 14612 --- [restartedMain] br.com.sgep.config.TestConfig            : TESTE
2020-10-18 15:32:31.932  INFO 14612 --- [restartedMain] .ConditionEvaluationDeltaLoggingListener : Condition evaluation unchanged
2020-10-18 15:33:11.073  INFO 14612 --- [Thread-9] j.LocalContainerEntityManagerFactoryBean : Closing JPA EntityManagerFactory for persistence unit 'default'
2020-10-18 15:33:11.073  INFO 14612 --- [Thread-9] .SchemaDropperImpl$DelayedDropActionImpl : HHH000477: Starting delayed evictData of schema as part of SessionFactory shut-down'
2020-10-18 15:33:11.086  INFO 14612 --- [Thread-9] o.s.s.concurrent.ThreadPoolTaskExecutor  : Shutting down ExecutorService 'applicationTaskExecutor'
2020-10-18 15:33:11.288  WARN 14612 --- [Thread-9] o.s.b.f.support.DisposableBeanAdapter    : Invocation of destroy method failed on bean with name 'inMemoryDatabaseShutdownExecutor': org.h2.jdbc.JdbcSQLNonTransientConnectionException: Database is already closed (to disable automatic closing at VM shutdown, add ";DB_CLOSE_ON_EXIT=FALSE" to the db URL) [90121-200]
2020-10-18 15:33:11.288  INFO 14612 --- [Thread-9] com.zaxxer.hikari.HikariDataSource       : HikariPool-2 - Shutdown initiated...
2020-10-18 15:33:11.292  INFO 14612 --- [Thread-9] com.zaxxer.hikari.HikariDataSource       : HikariPool-2 - Shutdown completed.
2020-10-18 15:33:11.388  INFO 14612 --- [restartedMain] br.com.sgep.SgepWsApplication            : Starting SgepWsApplication on DESKTOP-1HNVO65 with PID 14612 (C:\Users\deyvison\Documents\workspace-spring\sgep-ws\target\classes started by deyvison in C:\Users\deyvison\Documents\workspace-spring\sgep-ws)
2020-10-18 15:33:11.388 DEBUG 14612 --- [restartedMain] br.com.sgep.SgepWsApplication            : Running with Spring Boot v2.3.4.RELEASE, Spring v5.2.9.RELEASE
2020-10-18 15:33:11.388  INFO 14612 --- [restartedMain] br.com.sgep.SgepWsApplication            : The following profiles are active: test
2020-10-18 15:33:11.624  INFO 14612 --- [restartedMain] .s.d.r.c.RepositoryConfigurationDelegate : Bootstrapping Spring Data JPA repositories in DEFERRED mode.
2020-10-18 15:33:11.663  INFO 14612 --- [restartedMain] .s.d.r.c.RepositoryConfigurationDelegate : Finished Spring Data repository scanning in 38ms. Found 6 JPA repository interfaces.
2020-10-18 15:33:11.789  INFO 14612 --- [restartedMain] o.s.b.w.embedded.tomcat.TomcatWebServer  : Tomcat initialized with port(s): 8090 (http)
2020-10-18 15:33:11.789  INFO 14612 --- [restartedMain] o.apache.catalina.core.StandardService   : Starting service [Tomcat]
2020-10-18 15:33:11.790  INFO 14612 --- [restartedMain] org.apache.catalina.core.StandardEngine  : Starting Servlet engine: [Apache Tomcat/9.0.38]
2020-10-18 15:33:11.817  INFO 14612 --- [restartedMain] o.a.c.c.C.[Tomcat].[localhost].[/]       : Initializing Spring embedded WebApplicationContext
2020-10-18 15:33:11.818  INFO 14612 --- [restartedMain] w.s.c.ServletWebServerApplicationContext : Root WebApplicationContext: initialization completed in 427 ms
2020-10-18 15:33:11.839  INFO 14612 --- [restartedMain] com.zaxxer.hikari.HikariDataSource       : HikariPool-3 - Starting...
2020-10-18 15:33:11.841  INFO 14612 --- [restartedMain] com.zaxxer.hikari.HikariDataSource       : HikariPool-3 - Start completed.
2020-10-18 15:33:11.841  INFO 14612 --- [restartedMain] o.s.b.a.h2.H2ConsoleAutoConfiguration    : H2 console available at '/h2-console'. Database available at 'jdbc:h2:mem:testdb'
2020-10-18 15:33:11.873  INFO 14612 --- [restartedMain] o.s.s.concurrent.ThreadPoolTaskExecutor  : Initializing ExecutorService 'applicationTaskExecutor'
2020-10-18 15:33:11.893  INFO 14612 --- [task-1] o.hibernate.jpa.internal.util.LogHelper  : HHH000204: Processing PersistenceUnitInfo [name: default]
2020-10-18 15:33:11.903  INFO 14612 --- [task-1] org.hibernate.dialect.Dialect            : HHH000400: Using dialect: org.hibernate.dialect.H2Dialect
2020-10-18 15:33:11.995  INFO 14612 --- [restartedMain] o.s.b.a.w.s.WelcomePageHandlerMapping    : Adding welcome page template: index
2020-10-18 15:33:12.052  INFO 14612 --- [task-1] o.h.e.t.j.p.i.JtaPlatformInitiator       : HHH000490: Using JtaPlatform implementation: [org.hibernate.engine.transaction.jta.platform.internal.NoJtaPlatform]
2020-10-18 15:33:12.053  INFO 14612 --- [task-1] j.LocalContainerEntityManagerFactoryBean : Initialized JPA EntityManagerFactory for persistence unit 'default'
2020-10-18 15:33:12.057  INFO 14612 --- [task-2] o.s.b.d.a.OptionalLiveReloadServer       : LiveReload server is running on port 35729
2020-10-18 15:33:12.110  INFO 14612 --- [restartedMain] o.s.b.w.embedded.tomcat.TomcatWebServer  : Tomcat started on port(s): 8090 (http) with context path ''
2020-10-18 15:33:12.111  INFO 14612 --- [restartedMain] DeferredRepositoryInitializationListener : Triggering deferred initialization of Spring Data repositories…
2020-10-18 15:33:12.298  INFO 14612 --- [restartedMain] DeferredRepositoryInitializationListener : Spring Data repositories initialized!
2020-10-18 15:33:12.302  INFO 14612 --- [restartedMain] br.com.sgep.SgepWsApplication            : Started SgepWsApplication in 0.956 seconds (JVM running for 71.062)
2020-10-18 15:33:12.321  INFO 14612 --- [restartedMain] br.com.sgep.config.TestConfig            : TESTE
2020-10-18 15:33:12.322  WARN 14612 --- [restartedMain] br.com.sgep.config.TestConfig            : TESTE
2020-10-18 15:33:12.322 ERROR 14612 --- [restartedMain] br.com.sgep.config.TestConfig            : TESTE
2020-10-18 15:33:12.322 DEBUG 14612 --- [restartedMain] br.com.sgep.config.TestConfig            : TESTE
2020-10-18 15:33:12.323  INFO 14612 --- [restartedMain] .ConditionEvaluationDeltaLoggingListener : Condition evaluation unchanged
2020-10-18 15:39:13.934  INFO 14612 --- [Thread-14] j.LocalContainerEntityManagerFactoryBean : Closing JPA EntityManagerFactory for persistence unit 'default'
2020-10-18 15:39:13.935  INFO 14612 --- [Thread-14] .SchemaDropperImpl$DelayedDropActionImpl : HHH000477: Starting delayed evictData of schema as part of SessionFactory shut-down'
2020-10-18 15:39:13.940  INFO 14612 --- [Thread-14] o.s.s.concurrent.ThreadPoolTaskExecutor  : Shutting down ExecutorService 'applicationTaskExecutor'
2020-10-18 15:39:14.141  WARN 14612 --- [Thread-14] o.s.b.f.support.DisposableBeanAdapter    : Invocation of destroy method failed on bean with name 'inMemoryDatabaseShutdownExecutor': org.h2.jdbc.JdbcSQLNonTransientConnectionException: Database is already closed (to disable automatic closing at VM shutdown, add ";DB_CLOSE_ON_EXIT=FALSE" to the db URL) [90121-200]
2020-10-18 15:39:14.141  INFO 14612 --- [Thread-14] com.zaxxer.hikari.HikariDataSource       : HikariPool-3 - Shutdown initiated...
2020-10-18 15:39:14.145  INFO 14612 --- [Thread-14] com.zaxxer.hikari.HikariDataSource       : HikariPool-3 - Shutdown completed.
2020-10-18 15:39:14.237  INFO 14612 --- [restartedMain] br.com.sgep.SgepWsApplication            : Starting SgepWsApplication on DESKTOP-1HNVO65 with PID 14612 (C:\Users\deyvison\Documents\workspace-spring\sgep-ws\target\classes started by deyvison in C:\Users\deyvison\Documents\workspace-spring\sgep-ws)
2020-10-18 15:39:14.238 DEBUG 14612 --- [restartedMain] br.com.sgep.SgepWsApplication            : Running with Spring Boot v2.3.4.RELEASE, Spring v5.2.9.RELEASE
2020-10-18 15:39:14.238  INFO 14612 --- [restartedMain] br.com.sgep.SgepWsApplication            : The following profiles are active: test
2020-10-18 15:39:14.482  INFO 14612 --- [restartedMain] .s.d.r.c.RepositoryConfigurationDelegate : Bootstrapping Spring Data JPA repositories in DEFERRED mode.
2020-10-18 15:39:14.517  INFO 14612 --- [restartedMain] .s.d.r.c.RepositoryConfigurationDelegate : Finished Spring Data repository scanning in 34ms. Found 6 JPA repository interfaces.
2020-10-18 15:39:14.639  INFO 14612 --- [restartedMain] o.s.b.w.embedded.tomcat.TomcatWebServer  : Tomcat initialized with port(s): 8090 (http)
2020-10-18 15:39:14.640  INFO 14612 --- [restartedMain] o.apache.catalina.core.StandardService   : Starting service [Tomcat]
2020-10-18 15:39:14.640  INFO 14612 --- [restartedMain] org.apache.catalina.core.StandardEngine  : Starting Servlet engine: [Apache Tomcat/9.0.38]
2020-10-18 15:39:14.667  INFO 14612 --- [restartedMain] o.a.c.c.C.[Tomcat].[localhost].[/]       : Initializing Spring embedded WebApplicationContext
2020-10-18 15:39:14.667  INFO 14612 --- [restartedMain] w.s.c.ServletWebServerApplicationContext : Root WebApplicationContext: initialization completed in 426 ms
2020-10-18 15:39:14.688  INFO 14612 --- [restartedMain] com.zaxxer.hikari.HikariDataSource       : HikariPool-4 - Starting...
2020-10-18 15:39:14.690  INFO 14612 --- [restartedMain] com.zaxxer.hikari.HikariDataSource       : HikariPool-4 - Start completed.
2020-10-18 15:39:14.690  INFO 14612 --- [restartedMain] o.s.b.a.h2.H2ConsoleAutoConfiguration    : H2 console available at '/h2-console'. Database available at 'jdbc:h2:mem:testdb'
2020-10-18 15:39:14.718  INFO 14612 --- [restartedMain] o.s.s.concurrent.ThreadPoolTaskExecutor  : Initializing ExecutorService 'applicationTaskExecutor'
2020-10-18 15:39:14.729  INFO 14612 --- [task-1] o.hibernate.jpa.internal.util.LogHelper  : HHH000204: Processing PersistenceUnitInfo [name: default]
