2020-10-18 15:29:12.631  INFO 14012 --- [restartedMain] br.com.sgep.SgepWsApplication            : Starting SgepWsApplication on DESKTOP-1HNVO65 with PID 14012 (C:\Users\deyvison\Documents\workspace-spring\sgep-ws\target\classes started by deyvison in C:\Users\deyvison\Documents\workspace-spring\sgep-ws)
2020-10-18 15:29:12.632 DEBUG 14012 --- [restartedMain] br.com.sgep.SgepWsApplication            : Running with Spring Boot v2.3.4.RELEASE, Spring v5.2.9.RELEASE
2020-10-18 15:29:12.632  INFO 14012 --- [restartedMain] br.com.sgep.SgepWsApplication            : The following profiles are active: test
2020-10-18 15:29:12.868  INFO 14012 --- [restartedMain] .s.d.r.c.RepositoryConfigurationDelegate : Bootstrapping Spring Data JPA repositories in DEFERRED mode.
2020-10-18 15:29:12.906  INFO 14012 --- [restartedMain] .s.d.r.c.RepositoryConfigurationDelegate : Finished Spring Data repository scanning in 36ms. Found 6 JPA repository interfaces.
2020-10-18 15:29:13.031  INFO 14012 --- [restartedMain] o.s.b.w.embedded.tomcat.TomcatWebServer  : Tomcat initialized with port(s): 8090 (http)
2020-10-18 15:29:13.033  INFO 14012 --- [restartedMain] o.apache.catalina.core.StandardService   : Starting service [Tomcat]
2020-10-18 15:29:13.033  INFO 14012 --- [restartedMain] org.apache.catalina.core.StandardEngine  : Starting Servlet engine: [Apache Tomcat/9.0.38]
2020-10-18 15:29:13.062  INFO 14012 --- [restartedMain] o.a.c.c.C.[Tomcat].[localhost].[/]       : Initializing Spring embedded WebApplicationContext
2020-10-18 15:29:13.062  INFO 14012 --- [restartedMain] w.s.c.ServletWebServerApplicationContext : Root WebApplicationContext: initialization completed in 426 ms
2020-10-18 15:29:13.083  INFO 14012 --- [restartedMain] com.zaxxer.hikari.HikariDataSource       : HikariPool-3 - Starting...
2020-10-18 15:29:13.085  INFO 14012 --- [restartedMain] com.zaxxer.hikari.HikariDataSource       : HikariPool-3 - Start completed.
2020-10-18 15:29:13.085  INFO 14012 --- [restartedMain] o.s.b.a.h2.H2ConsoleAutoConfiguration    : H2 console available at '/h2-console'. Database available at 'jdbc:h2:mem:testdb'
2020-10-18 15:29:13.113  INFO 14012 --- [restartedMain] o.s.s.concurrent.ThreadPoolTaskExecutor  : Initializing ExecutorService 'applicationTaskExecutor'
2020-10-18 15:29:13.123  INFO 14012 --- [task-1] o.hibernate.jpa.internal.util.LogHelper  : HHH000204: Processing PersistenceUnitInfo [name: default]
2020-10-18 15:29:13.132  INFO 14012 --- [task-1] org.hibernate.dialect.Dialect            : HHH000400: Using dialect: org.hibernate.dialect.H2Dialect
2020-10-18 15:29:13.232  INFO 14012 --- [restartedMain] o.s.b.a.w.s.WelcomePageHandlerMapping    : Adding welcome page template: index
2020-10-18 15:29:13.274  INFO 14012 --- [task-1] o.h.e.t.j.p.i.JtaPlatformInitiator       : HHH000490: Using JtaPlatform implementation: [org.hibernate.engine.transaction.jta.platform.internal.NoJtaPlatform]
2020-10-18 15:29:13.274  INFO 14012 --- [task-1] j.LocalContainerEntityManagerFactoryBean : Initialized JPA EntityManagerFactory for persistence unit 'default'
2020-10-18 15:29:13.279  INFO 14012 --- [task-2] o.s.b.d.a.OptionalLiveReloadServer       : LiveReload server is running on port 35729
2020-10-18 15:29:13.330  INFO 14012 --- [restartedMain] o.s.b.w.embedded.tomcat.TomcatWebServer  : Tomcat started on port(s): 8090 (http) with context path ''
2020-10-18 15:29:13.331  INFO 14012 --- [restartedMain] DeferredRepositoryInitializationListener : Triggering deferred initialization of Spring Data repositories…
2020-10-18 15:29:13.475  INFO 14012 --- [restartedMain] DeferredRepositoryInitializationListener : Spring Data repositories initialized!
2020-10-18 15:29:13.480  INFO 14012 --- [restartedMain] br.com.sgep.SgepWsApplication            : Started SgepWsApplication in 0.913 seconds (JVM running for 1099.327)
2020-10-18 15:29:13.497  INFO 14012 --- [restartedMain] br.com.sgep.config.TestConfig            : TESTE
2020-10-18 15:29:13.499  INFO 14012 --- [restartedMain] .ConditionEvaluationDeltaLoggingListener : Condition evaluation unchanged
2020-10-18 15:29:56.659  INFO 14012 --- [Thread-14] j.LocalContainerEntityManagerFactoryBean : Closing JPA EntityManagerFactory for persistence unit 'default'
2020-10-18 15:29:56.659  INFO 14012 --- [Thread-14] .SchemaDropperImpl$DelayedDropActionImpl : HHH000477: Starting delayed evictData of schema as part of SessionFactory shut-down'
2020-10-18 15:29:56.664  INFO 14012 --- [Thread-14] o.s.s.concurrent.ThreadPoolTaskExecutor  : Shutting down ExecutorService 'applicationTaskExecutor'
2020-10-18 15:29:56.866  WARN 14012 --- [Thread-14] o.s.b.f.support.DisposableBeanAdapter    : Invocation of destroy method failed on bean with name 'inMemoryDatabaseShutdownExecutor': org.h2.jdbc.JdbcSQLNonTransientConnectionException: Database is already closed (to disable automatic closing at VM shutdown, add ";DB_CLOSE_ON_EXIT=FALSE" to the db URL) [90121-200]
2020-10-18 15:29:56.866  INFO 14012 --- [Thread-14] com.zaxxer.hikari.HikariDataSource       : HikariPool-3 - Shutdown initiated...
2020-10-18 15:29:56.868  INFO 14012 --- [Thread-14] com.zaxxer.hikari.HikariDataSource       : HikariPool-3 - Shutdown completed.
